[23/May/2018 02:52:29] "GET /inputsong/ HTTP/1.1" 200 8671
[23/May/2018 02:52:31] "GET / HTTP/1.1" 200 8671
[23/May/2018 02:52:32] "GET / HTTP/1.1" 200 8671
Internal Server Error: /inputsong/
Traceback (most recent call last):
  File "/home/ubuntu/.local/lib/python3.5/site-packages/django/core/handlers/exception.py", line 35, in inner
    response = get_response(request)
  File "/home/ubuntu/.local/lib/python3.5/site-packages/django/core/handlers/base.py", line 128, in _get_response
    response = self.process_exception_by_middleware(e, request)
  File "/home/ubuntu/.local/lib/python3.5/site-packages/django/core/handlers/base.py", line 126, in _get_response
    response = wrapped_callback(request, *callback_args, **callback_kwargs)
  File "/var/www/SRS/picksong/views.py", line 14, in inputsong
    fo.write(request.POST.keys())
TypeError: write() argument must be str, not dict_keys
[23/May/2018 02:52:39] "POST /inputsong/ HTTP/1.1" 500 63346
Performing system checks...

System check identified no issues (0 silenced).
May 23, 2018 - 02:52:19
Django version 2.0.5, using settings 'SRS.settings'
Starting development server at http://0.0.0.0:8000/
Quit the server with CONTROL-C.
[23/May/2018 02:53:30] "GET / HTTP/1.1" 200 8671
[23/May/2018 02:53:38] "POST /inputsong/ HTTP/1.1" 200 8758
